<?xml version="1.1" encoding="UTF-8"?>
<testsuite name="LibraryTest" tests="1" failures="0" errors="0" timestamp="2015-11-18T10:57:05" hostname="agorjux" time="0.004">
  <properties/>
  <testcase name="testSomeLibraryMethod" classname="LibraryTest" time="0.004"/>
  <system-out><![CDATA[]]></system-out>
  <system-err><![CDATA[]]></system-err>
</testsuite>
